<?xml version="1.0" encoding="UTF-8"?>
<robot generator="Robot 6.1 (Python 3.11.4 on darwin)" generated="20240219 01:54:55.083" rpa="false" schemaversion="4">
<suite id="s1" name="Testcase" source="/Users/nguyenquyhoangky/Documents/GitHub/robotFramework/TestCases/Testcase.robot">
<test id="s1-t1" name="TC_01" line="6">
<kw name="Open Webpage" library="Keywords">
<arg>${url}</arg>
<arg>${chrome}</arg>
<kw name="Open Browser" library="SeleniumLibrary">
<arg>${url}</arg>
<arg>${browser}</arg>
<doc>Opens a new browser instance to the optional ``url``.</doc>
<msg timestamp="20240219 01:54:55.160" level="INFO">Opening browser 'Chrome' to base url 'https://raksul.github.io/recruit-qa-engineer-work-sample/'.</msg>
<msg timestamp="20240219 01:54:55.161" level="INFO">Cannot capture screenshot because no browser is open.</msg>
<msg timestamp="20240219 01:54:55.161" level="FAIL">TypeError: WebDriver.__init__() got an unexpected keyword argument 'service_log_path'</msg>
<status status="FAIL" starttime="20240219 01:54:55.159" endtime="20240219 01:54:55.163"/>
</kw>
<status status="FAIL" starttime="20240219 01:54:55.159" endtime="20240219 01:54:55.163"/>
</kw>
<status status="FAIL" starttime="20240219 01:54:55.159" endtime="20240219 01:54:55.163">TypeError: WebDriver.__init__() got an unexpected keyword argument 'service_log_path'</status>
</test>
<status status="FAIL" starttime="20240219 01:54:55.085" endtime="20240219 01:54:55.163"/>
</suite>
<statistics>
<total>
<stat pass="0" fail="1" skip="0">All Tests</stat>
</total>
<tag>
</tag>
<suite>
<stat pass="0" fail="1" skip="0" id="s1" name="Testcase">Testcase</stat>
</suite>
</statistics>
<errors>
</errors>
</robot>
