<?xml version="1.0" encoding="UTF-8"?>
<robot generator="Robot 6.1 (Python 3.11.4 on darwin)" generated="20240219 01:54:54.094" rpa="false" schemaversion="4">
<suite id="s1" name="robotFramework" source="/Users/nguyenquyhoangky/Documents/GitHub/robotFramework">
<suite id="s1-s1" name="TestCases" source="/Users/nguyenquyhoangky/Documents/GitHub/robotFramework/TestCases">
<suite id="s1-s1-s1" name="Testcase" source="/Users/nguyenquyhoangky/Documents/GitHub/robotFramework/TestCases/Testcase.robot">
<test id="s1-s1-s1-t1" name="TC_01" line="6">
<kw name="Open Webpage" library="Keywords">
<arg>${url}</arg>
<arg>${chrome}</arg>
<kw name="Open Browser" library="SeleniumLibrary">
<arg>${url}</arg>
<arg>${browser}</arg>
<doc>Opens a new browser instance to the optional ``url``.</doc>
<msg timestamp="20240219 01:54:54.186" level="INFO">Opening browser 'Chrome' to base url 'https://raksul.github.io/recruit-qa-engineer-work-sample/'.</msg>
<msg timestamp="20240219 01:54:54.186" level="INFO">Cannot capture screenshot because no browser is open.</msg>
<msg timestamp="20240219 01:54:54.186" level="FAIL">TypeError: WebDriver.__init__() got an unexpected keyword argument 'service_log_path'</msg>
<status status="FAIL" starttime="20240219 01:54:54.185" endtime="20240219 01:54:54.190"/>
</kw>
<status status="FAIL" starttime="20240219 01:54:54.185" endtime="20240219 01:54:54.190"/>
</kw>
<status status="FAIL" starttime="20240219 01:54:54.184" endtime="20240219 01:54:54.190">TypeError: WebDriver.__init__() got an unexpected keyword argument 'service_log_path'</status>
</test>
<status status="FAIL" starttime="20240219 01:54:54.104" endtime="20240219 01:54:54.191"/>
</suite>
<status status="FAIL" starttime="20240219 01:54:54.103" endtime="20240219 01:54:54.191"/>
</suite>
<status status="FAIL" starttime="20240219 01:54:54.095" endtime="20240219 01:54:54.192"/>
</suite>
<statistics>
<total>
<stat pass="0" fail="1" skip="0">All Tests</stat>
</total>
<tag>
</tag>
<suite>
<stat pass="0" fail="1" skip="0" id="s1" name="robotFramework">robotFramework</stat>
<stat pass="0" fail="1" skip="0" id="s1-s1" name="TestCases">robotFramework.TestCases</stat>
<stat pass="0" fail="1" skip="0" id="s1-s1-s1" name="Testcase">robotFramework.TestCases.Testcase</stat>
</suite>
</statistics>
<errors>
</errors>
</robot>
